TN:
SF:script/DeployRaffle.s.sol
FN:16,DeployRaffle.run
FNDA:0,DeployRaffle.run
DA:18,0
DA:19,0
DA:28,0
DA:31,0
BRDA:31,0,0,-
BRDA:31,0,1,-
DA:32,0
DA:33,0
DA:38,0
DA:39,0
DA:48,0
DA:49,0
DA:57,0
DA:60,0
DA:61,0
DA:69,0
FNF:1
FNH:0
LF:14
LH:0
BRF:2
BRH:0
end_of_record
TN:
SF:script/HelperConfig.s.sol
FN:34,HelperConfig.getSepoliaConfig
FNDA:0,HelperConfig.getSepoliaConfig
DA:39,0
FN:51,HelperConfig.getOrCreateAnvilConfig
FNDA:0,HelperConfig.getOrCreateAnvilConfig
DA:55,0
BRDA:55,0,0,-
BRDA:55,0,1,-
DA:56,0
DA:61,0
DA:62,0
DA:63,0
DA:64,0
DA:68,0
DA:70,0
DA:73,0
FNF:2
FNH:0
LF:10
LH:0
BRF:2
BRH:0
end_of_record
TN:
SF:script/Interactions.s.sol
FN:111,AddConsumer.run
FNDA:0,AddConsumer.run
DA:112,0
DA:116,0
FN:119,AddConsumer.addConsumerFromConfig
FNDA:0,AddConsumer.addConsumerFromConfig
DA:120,0
DA:121,0
DA:130,0
DA:131,0
FN:134,AddConsumer.addConsumer
FNDA:0,AddConsumer.addConsumer
DA:140,0
DA:141,0
DA:142,0
DA:145,0
DA:146,0
DA:150,0
FN:49,FundSubscription.run
FNDA:0,FundSubscription.run
DA:50,0
FN:53,FundSubscription.fundSubscriptionFromConfig
FNDA:0,FundSubscription.fundSubscriptionFromConfig
DA:54,0
DA:55,0
DA:64,0
DA:65,0
FN:73,FundSubscription.fundSubscription
FNDA:0,FundSubscription.fundSubscription
DA:80,0
DA:81,0
DA:82,0
DA:84,0
BRDA:84,0,0,-
BRDA:84,0,1,-
DA:85,0
DA:86,0
DA:90,0
DA:92,0
DA:93,0
DA:94,0
DA:95,0
DA:98,0
DA:99,0
DA:104,0
FN:12,CreateSubscription.run
FNDA:0,CreateSubscription.run
DA:13,0
FN:16,CreateSubscription.createSubscriptionFromConfig
FNDA:0,CreateSubscription.createSubscriptionFromConfig
DA:17,0
DA:18,0
DA:20,0
FN:23,CreateSubscription.createSubscription
FNDA:0,CreateSubscription.createSubscription
DA:27,0
DA:33,0
DA:34,0
DA:36,0
DA:38,0
DA:39,0
DA:41,0
FNF:9
FNH:0
LF:42
LH:0
BRF:2
BRH:0
end_of_record
TN:
SF:src/Raffle.sol
FN:80,Raffle.enterRaffle
FNDA:274,Raffle.enterRaffle
DA:82,274
BRDA:82,0,0,1
BRDA:82,0,1,273
DA:83,1
DA:86,273
BRDA:86,1,0,2
BRDA:86,1,1,271
DA:87,2
DA:90,271
DA:92,271
FN:104,Raffle.checkUpkeep
FNDA:4,Raffle.checkUpkeep
DA:107,11
DA:108,11
DA:109,11
DA:110,11
DA:111,11
DA:115,11
FN:120,Raffle.performUpkeep
FNDA:7,Raffle.performUpkeep
DA:121,7
DA:122,7
BRDA:122,2,0,-
BRDA:122,2,1,1
DA:123,1
DA:131,6
DA:136,6
DA:144,6
FN:149,Raffle.fulfillRandomWords
FNDA:1,Raffle.fulfillRandomWords
DA:156,1
DA:157,1
DA:160,1
DA:161,1
DA:162,1
DA:163,1
DA:164,1
DA:167,1
DA:170,1
BRDA:170,3,0,-
BRDA:170,3,1,1
DA:171,0
FN:177,Raffle.getTicketPrice
FNDA:0,Raffle.getTicketPrice
DA:178,0
FN:181,Raffle.getRaffleState
FNDA:3,Raffle.getRaffleState
DA:182,3
FN:185,Raffle.getPlayer
FNDA:1,Raffle.getPlayer
DA:186,1
FN:189,Raffle.getRecentWinner
FNDA:2,Raffle.getRecentWinner
DA:190,2
FN:193,Raffle.getLenghtOfPlayers
FNDA:1,Raffle.getLenghtOfPlayers
DA:194,1
FN:197,Raffle.getLastTimeStamp
FNDA:2,Raffle.getLastTimeStamp
DA:198,2
FNF:10
FNH:9
LF:34
LH:32
BRF:8
BRH:6
end_of_record
TN:
SF:test/mocks/LinkTokenMock.sol
FN:37,LinkTokenMock.transferAndCall
FNDA:0,LinkTokenMock.transferAndCall
DA:42,0
DA:44,0
DA:45,0
BRDA:45,0,0,-
BRDA:45,0,1,-
DA:46,0
DA:48,0
FN:53,LinkTokenMock.contractFallback
FNDA:0,LinkTokenMock.contractFallback
DA:58,0
DA:59,0
FN:62,LinkTokenMock.isContract
FNDA:0,LinkTokenMock.isContract
DA:63,0
DA:65,0
DA:67,0
FNF:3
FNH:0
LF:10
LH:0
BRF:2
BRH:0
end_of_record
